2023-12-18T14:46:51.262-06:00  INFO 43817 --- [main] a.randocam.RandocamApplicationTests      : Starting RandocamApplicationTests using Java 17.0.1 with PID 43817 (started by scottbisese in /Users/scottbisese/Downloads/randocam)
2023-12-18T14:46:51.263-06:00  INFO 43817 --- [main] a.randocam.RandocamApplicationTests      : No active profile set, falling back to 1 default profile: "default"
2023-12-18T14:46:51.802-06:00  INFO 43817 --- [main] .s.d.r.c.RepositoryConfigurationDelegate : Multiple Spring Data modules found, entering strict repository configuration mode
2023-12-18T14:46:51.803-06:00  INFO 43817 --- [main] .s.d.r.c.RepositoryConfigurationDelegate : Bootstrapping Spring Data JPA repositories in DEFAULT mode.
2023-12-18T14:46:51.813-06:00  INFO 43817 --- [main] .s.d.r.c.RepositoryConfigurationDelegate : Finished Spring Data repository scanning in 6 ms. Found 0 JPA repository interfaces.
2023-12-18T14:46:51.931-06:00  INFO 43817 --- [main] o.s.cloud.context.scope.GenericScope     : BeanFactory id=c18295c6-117c-350a-ad03-08d3b55895bb
2023-12-18T14:46:52.044-06:00  WARN 43817 --- [main] trationDelegate$BeanPostProcessorChecker : Bean 'com.azure.spring.cloud.autoconfigure.implementation.jdbc.AzureJdbcAutoConfiguration' of type [com.azure.spring.cloud.autoconfigure.implementation.jdbc.AzureJdbcAutoConfiguration] is not eligible for getting processed by all BeanPostProcessors (for example: not eligible for auto-proxying). Is this bean getting eagerly injected into a currently created BeanPostProcessor []? Check the corresponding BeanPostProcessor declaration and its dependencies.
2023-12-18T14:46:52.045-06:00  WARN 43817 --- [main] trationDelegate$BeanPostProcessorChecker : Bean 'springTokenCredentialProviderContextProvider' of type [com.azure.spring.cloud.autoconfigure.implementation.jdbc.SpringTokenCredentialProviderContextProvider] is not eligible for getting processed by all BeanPostProcessors (for example: not eligible for auto-proxying). Is this bean getting eagerly injected into a currently created BeanPostProcessor []? Check the corresponding BeanPostProcessor declaration and its dependencies.
2023-12-18T14:46:52.123-06:00  INFO 43817 --- [main] com.zaxxer.hikari.HikariDataSource       : HikariPool-1 - Starting...
2023-12-18T14:46:52.792-06:00  INFO 43817 --- [main] com.zaxxer.hikari.pool.HikariPool        : HikariPool-1 - Added connection ConnectionID:1 ClientConnectionId: d5ff2d7d-8b25-45d7-ab80-9c8828308262
2023-12-18T14:46:52.794-06:00  INFO 43817 --- [main] com.zaxxer.hikari.HikariDataSource       : HikariPool-1 - Start completed.
2023-12-18T14:46:52.817-06:00  INFO 43817 --- [main] o.hibernate.jpa.internal.util.LogHelper  : HHH000204: Processing PersistenceUnitInfo [name: default]
2023-12-18T14:46:52.846-06:00  INFO 43817 --- [main] org.hibernate.Version                    : HHH000412: Hibernate ORM core version 6.3.1.Final
2023-12-18T14:46:52.870-06:00  INFO 43817 --- [main] o.h.c.internal.RegionFactoryInitiator    : HHH000026: Second-level cache disabled
2023-12-18T14:46:52.982-06:00  INFO 43817 --- [main] o.s.o.j.p.SpringPersistenceUnitInfo      : No LoadTimeWeaver setup: ignoring JPA class transformer
2023-12-18T14:46:53.003-06:00  WARN 43817 --- [main] org.hibernate.orm.deprecation            : HHH90000025: SQLServerDialect does not need to be specified explicitly using 'hibernate.dialect' (remove the property setting and it will be selected by default)
2023-12-18T14:46:53.266-06:00  INFO 43817 --- [main] o.h.e.t.j.p.i.JtaPlatformInitiator       : HHH000489: No JTA platform available (set 'hibernate.transaction.jta.platform' to enable JTA platform integration)
2023-12-18T14:46:53.269-06:00  INFO 43817 --- [main] j.LocalContainerEntityManagerFactoryBean : Initialized JPA EntityManagerFactory for persistence unit 'default'
2023-12-18T14:46:53.371-06:00  WARN 43817 --- [main] JpaBaseConfiguration$JpaWebConfiguration : spring.jpa.open-in-view is enabled by default. Therefore, database queries may be performed during view rendering. Explicitly configure spring.jpa.open-in-view to disable this warning
2023-12-18T14:46:53.383-06:00  INFO 43817 --- [main] o.s.b.a.w.s.WelcomePageHandlerMapping    : Adding welcome page: class path resource [static/index.html]
2023-12-18T14:46:53.596-06:00  INFO 43817 --- [main] AbstractAzureServiceClientBuilderFactory : Will configure the default credential of type DefaultAzureCredential for class com.azure.identity.DefaultAzureCredentialBuilder.
2023-12-18T14:46:53.858-06:00  WARN 43817 --- [main] .s.s.UserDetailsServiceAutoConfiguration : 

Using generated security password: 8bcea0d8-847d-4571-bf75-132c511b1865

This generated password is for development use only. Your security configuration must be updated before running your application in production.

2023-12-18T14:46:53.906-06:00  INFO 43817 --- [main] o.s.s.web.DefaultSecurityFilterChain     : Will secure any request with [org.springframework.security.web.session.DisableEncodeUrlFilter@31b4c003, org.springframework.security.web.context.request.async.WebAsyncManagerIntegrationFilter@74214ac3, org.springframework.security.web.context.SecurityContextHolderFilter@3dfe2797, org.springframework.security.web.header.HeaderWriterFilter@21d478f3, org.springframework.web.filter.CorsFilter@e00c94e, org.springframework.security.web.csrf.CsrfFilter@2cca7d3c, org.springframework.security.web.authentication.logout.LogoutFilter@218c6d3e, org.springframework.security.web.authentication.UsernamePasswordAuthenticationFilter@102dff25, org.springframework.security.web.authentication.ui.DefaultLoginPageGeneratingFilter@7b23aea2, org.springframework.security.web.authentication.ui.DefaultLogoutPageGeneratingFilter@b2db8bc, org.springframework.security.web.authentication.www.BasicAuthenticationFilter@49318c2a, org.springframework.security.web.savedrequest.RequestCacheAwareFilter@34c050a1, org.springframework.security.web.servletapi.SecurityContextHolderAwareRequestFilter@7ecf4608, org.springframework.security.web.authentication.AnonymousAuthenticationFilter@1c0ec502, org.springframework.security.web.access.ExceptionTranslationFilter@564e9c0b, org.springframework.security.web.access.intercept.AuthorizationFilter@515b7335]
2023-12-18T14:46:54.000-06:00  INFO 43817 --- [main] a.randocam.RandocamApplicationTests      : Started RandocamApplicationTests in 2.928 seconds (process running for 3.458)
2023-12-18T14:46:54.401-06:00  INFO 43817 --- [SpringApplicationShutdownHook] j.LocalContainerEntityManagerFactoryBean : Closing JPA EntityManagerFactory for persistence unit 'default'
2023-12-18T14:46:54.403-06:00  INFO 43817 --- [SpringApplicationShutdownHook] com.zaxxer.hikari.HikariDataSource       : HikariPool-1 - Shutdown initiated...
2023-12-18T14:46:54.773-06:00  INFO 43817 --- [SpringApplicationShutdownHook] com.zaxxer.hikari.HikariDataSource       : HikariPool-1 - Shutdown completed.
2023-12-18T14:50:05.785-06:00  INFO 43964 --- [main] a.randocam.RandocamApplication           : Starting RandocamApplication using Java 17.0.1 with PID 43964 (/Users/scottbisese/Downloads/randocam/target/classes started by scottbisese in /Users/scottbisese/Downloads/randocam)
2023-12-18T14:50:05.786-06:00  INFO 43964 --- [main] a.randocam.RandocamApplication           : No active profile set, falling back to 1 default profile: "default"
2023-12-18T14:50:06.310-06:00  INFO 43964 --- [main] .s.d.r.c.RepositoryConfigurationDelegate : Multiple Spring Data modules found, entering strict repository configuration mode
2023-12-18T14:50:06.311-06:00  INFO 43964 --- [main] .s.d.r.c.RepositoryConfigurationDelegate : Bootstrapping Spring Data JPA repositories in DEFAULT mode.
2023-12-18T14:50:06.320-06:00  INFO 43964 --- [main] .s.d.r.c.RepositoryConfigurationDelegate : Finished Spring Data repository scanning in 6 ms. Found 0 JPA repository interfaces.
2023-12-18T14:50:06.428-06:00  INFO 43964 --- [main] o.s.cloud.context.scope.GenericScope     : BeanFactory id=f1ff400d-20e0-32dc-8fc1-3b6537904eb1
2023-12-18T14:50:06.539-06:00  WARN 43964 --- [main] trationDelegate$BeanPostProcessorChecker : Bean 'com.azure.spring.cloud.autoconfigure.implementation.jdbc.AzureJdbcAutoConfiguration' of type [com.azure.spring.cloud.autoconfigure.implementation.jdbc.AzureJdbcAutoConfiguration] is not eligible for getting processed by all BeanPostProcessors (for example: not eligible for auto-proxying). Is this bean getting eagerly injected into a currently created BeanPostProcessor []? Check the corresponding BeanPostProcessor declaration and its dependencies.
2023-12-18T14:50:06.540-06:00  WARN 43964 --- [main] trationDelegate$BeanPostProcessorChecker : Bean 'springTokenCredentialProviderContextProvider' of type [com.azure.spring.cloud.autoconfigure.implementation.jdbc.SpringTokenCredentialProviderContextProvider] is not eligible for getting processed by all BeanPostProcessors (for example: not eligible for auto-proxying). Is this bean getting eagerly injected into a currently created BeanPostProcessor []? Check the corresponding BeanPostProcessor declaration and its dependencies.
2023-12-18T14:50:06.649-06:00  INFO 43964 --- [main] o.s.b.w.embedded.tomcat.TomcatWebServer  : Tomcat initialized with port 80 (http)
2023-12-18T14:50:06.653-06:00  INFO 43964 --- [main] o.apache.catalina.core.StandardService   : Starting service [Tomcat]
2023-12-18T14:50:06.654-06:00  INFO 43964 --- [main] o.apache.catalina.core.StandardEngine    : Starting Servlet engine: [Apache Tomcat/10.1.16]
2023-12-18T14:50:06.686-06:00  INFO 43964 --- [main] o.a.c.c.C.[Tomcat].[localhost].[/]       : Initializing Spring embedded WebApplicationContext
2023-12-18T14:50:06.687-06:00  INFO 43964 --- [main] w.s.c.ServletWebServerApplicationContext : Root WebApplicationContext: initialization completed in 793 ms
2023-12-18T14:50:06.758-06:00  INFO 43964 --- [main] com.zaxxer.hikari.HikariDataSource       : HikariPool-1 - Starting...
2023-12-18T14:50:07.495-06:00  INFO 43964 --- [main] com.zaxxer.hikari.pool.HikariPool        : HikariPool-1 - Added connection ConnectionID:1 ClientConnectionId: c732dbe5-d204-4ee5-9337-0817bee52609
2023-12-18T14:50:07.496-06:00  INFO 43964 --- [main] com.zaxxer.hikari.HikariDataSource       : HikariPool-1 - Start completed.
2023-12-18T14:50:07.516-06:00  INFO 43964 --- [main] o.hibernate.jpa.internal.util.LogHelper  : HHH000204: Processing PersistenceUnitInfo [name: default]
2023-12-18T14:50:07.542-06:00  INFO 43964 --- [main] org.hibernate.Version                    : HHH000412: Hibernate ORM core version 6.3.1.Final
2023-12-18T14:50:07.556-06:00  INFO 43964 --- [main] o.h.c.internal.RegionFactoryInitiator    : HHH000026: Second-level cache disabled
2023-12-18T14:50:07.640-06:00  INFO 43964 --- [main] o.s.o.j.p.SpringPersistenceUnitInfo      : No LoadTimeWeaver setup: ignoring JPA class transformer
2023-12-18T14:50:07.657-06:00  WARN 43964 --- [main] org.hibernate.orm.deprecation            : HHH90000025: SQLServerDialect does not need to be specified explicitly using 'hibernate.dialect' (remove the property setting and it will be selected by default)
2023-12-18T14:50:07.890-06:00  INFO 43964 --- [main] o.h.e.t.j.p.i.JtaPlatformInitiator       : HHH000489: No JTA platform available (set 'hibernate.transaction.jta.platform' to enable JTA platform integration)
2023-12-18T14:50:07.892-06:00  INFO 43964 --- [main] j.LocalContainerEntityManagerFactoryBean : Initialized JPA EntityManagerFactory for persistence unit 'default'
2023-12-18T14:50:07.953-06:00  WARN 43964 --- [main] JpaBaseConfiguration$JpaWebConfiguration : spring.jpa.open-in-view is enabled by default. Therefore, database queries may be performed during view rendering. Explicitly configure spring.jpa.open-in-view to disable this warning
2023-12-18T14:50:07.973-06:00  INFO 43964 --- [main] o.s.b.a.w.s.WelcomePageHandlerMapping    : Adding welcome page: class path resource [static/index.html]
2023-12-18T14:50:08.149-06:00  INFO 43964 --- [main] AbstractAzureServiceClientBuilderFactory : Will configure the default credential of type DefaultAzureCredential for class com.azure.identity.DefaultAzureCredentialBuilder.
2023-12-18T14:50:08.383-06:00  WARN 43964 --- [main] .s.s.UserDetailsServiceAutoConfiguration : 

Using generated security password: 8b5d0a51-f499-47b3-b272-01bfc7552bf0

This generated password is for development use only. Your security configuration must be updated before running your application in production.

2023-12-18T14:50:08.432-06:00  INFO 43964 --- [main] o.s.s.web.DefaultSecurityFilterChain     : Will secure any request with [org.springframework.security.web.session.DisableEncodeUrlFilter@59f56892, org.springframework.security.web.context.request.async.WebAsyncManagerIntegrationFilter@389fad5b, org.springframework.security.web.context.SecurityContextHolderFilter@18876fa9, org.springframework.security.web.header.HeaderWriterFilter@5f63a6f2, org.springframework.web.filter.CorsFilter@5d72da0b, org.springframework.security.web.csrf.CsrfFilter@41d6d6c4, org.springframework.security.web.authentication.logout.LogoutFilter@665e18d5, org.springframework.security.web.authentication.UsernamePasswordAuthenticationFilter@74fd5fb0, org.springframework.security.web.authentication.ui.DefaultLoginPageGeneratingFilter@1407b93f, org.springframework.security.web.authentication.ui.DefaultLogoutPageGeneratingFilter@285b63eb, org.springframework.security.web.authentication.www.BasicAuthenticationFilter@53a645a2, org.springframework.security.web.savedrequest.RequestCacheAwareFilter@b3cbc0e, org.springframework.security.web.servletapi.SecurityContextHolderAwareRequestFilter@66e27ac9, org.springframework.security.web.authentication.AnonymousAuthenticationFilter@5a983f8a, org.springframework.security.web.access.ExceptionTranslationFilter@35b70f9d, org.springframework.security.web.access.intercept.AuthorizationFilter@2f1b8770]
2023-12-18T14:50:08.511-06:00  INFO 43964 --- [main] o.s.b.w.embedded.tomcat.TomcatWebServer  : Tomcat started on port 80 (http) with context path ''
2023-12-18T14:50:08.520-06:00  INFO 43964 --- [main] a.randocam.RandocamApplication           : Started RandocamApplication in 2.966 seconds (process running for 3.239)
2023-12-18T14:50:23.659-06:00  INFO 43964 --- [http-nio-80-exec-1] o.a.c.c.C.[Tomcat].[localhost].[/]       : Initializing Spring DispatcherServlet 'dispatcherServlet'
2023-12-18T14:50:23.660-06:00  INFO 43964 --- [http-nio-80-exec-1] o.s.web.servlet.DispatcherServlet        : Initializing Servlet 'dispatcherServlet'
2023-12-18T14:50:23.661-06:00  INFO 43964 --- [http-nio-80-exec-1] o.s.web.servlet.DispatcherServlet        : Completed initialization in 1 ms
2023-12-18T14:50:23.668-06:00  WARN 43964 --- [http-nio-80-exec-1] o.s.w.s.h.HandlerMappingIntrospector     : Cache miss for REQUEST dispatch to '/' (previous null). Performing CorsConfiguration lookup. This is logged once only at WARN level, and every time at TRACE.
2023-12-18T14:54:10.573-06:00  INFO 44124 --- [main] a.randocam.RandocamApplicationTests      : Starting RandocamApplicationTests using Java 17.0.1 with PID 44124 (started by scottbisese in /Users/scottbisese/Downloads/randocam)
2023-12-18T14:54:10.574-06:00  INFO 44124 --- [main] a.randocam.RandocamApplicationTests      : No active profile set, falling back to 1 default profile: "default"
2023-12-18T14:54:11.037-06:00  INFO 44124 --- [main] .s.d.r.c.RepositoryConfigurationDelegate : Multiple Spring Data modules found, entering strict repository configuration mode
2023-12-18T14:54:11.038-06:00  INFO 44124 --- [main] .s.d.r.c.RepositoryConfigurationDelegate : Bootstrapping Spring Data JPA repositories in DEFAULT mode.
2023-12-18T14:54:11.048-06:00  INFO 44124 --- [main] .s.d.r.c.RepositoryConfigurationDelegate : Finished Spring Data repository scanning in 6 ms. Found 0 JPA repository interfaces.
2023-12-18T14:54:11.211-06:00  INFO 44124 --- [main] o.s.cloud.context.scope.GenericScope     : BeanFactory id=c18295c6-117c-350a-ad03-08d3b55895bb
2023-12-18T14:54:11.320-06:00  WARN 44124 --- [main] trationDelegate$BeanPostProcessorChecker : Bean 'com.azure.spring.cloud.autoconfigure.implementation.jdbc.AzureJdbcAutoConfiguration' of type [com.azure.spring.cloud.autoconfigure.implementation.jdbc.AzureJdbcAutoConfiguration] is not eligible for getting processed by all BeanPostProcessors (for example: not eligible for auto-proxying). Is this bean getting eagerly injected into a currently created BeanPostProcessor []? Check the corresponding BeanPostProcessor declaration and its dependencies.
2023-12-18T14:54:11.321-06:00  WARN 44124 --- [main] trationDelegate$BeanPostProcessorChecker : Bean 'springTokenCredentialProviderContextProvider' of type [com.azure.spring.cloud.autoconfigure.implementation.jdbc.SpringTokenCredentialProviderContextProvider] is not eligible for getting processed by all BeanPostProcessors (for example: not eligible for auto-proxying). Is this bean getting eagerly injected into a currently created BeanPostProcessor []? Check the corresponding BeanPostProcessor declaration and its dependencies.
2023-12-18T14:54:11.388-06:00  INFO 44124 --- [main] com.zaxxer.hikari.HikariDataSource       : HikariPool-1 - Starting...
2023-12-18T14:54:12.281-06:00  INFO 44124 --- [main] com.zaxxer.hikari.pool.HikariPool        : HikariPool-1 - Added connection ConnectionID:1 ClientConnectionId: 05fbfdee-2e0f-4cb2-9021-be09d3f84bfc
2023-12-18T14:54:12.282-06:00  INFO 44124 --- [main] com.zaxxer.hikari.HikariDataSource       : HikariPool-1 - Start completed.
2023-12-18T14:54:12.301-06:00  INFO 44124 --- [main] o.hibernate.jpa.internal.util.LogHelper  : HHH000204: Processing PersistenceUnitInfo [name: default]
2023-12-18T14:54:12.321-06:00  INFO 44124 --- [main] org.hibernate.Version                    : HHH000412: Hibernate ORM core version 6.3.1.Final
2023-12-18T14:54:12.338-06:00  INFO 44124 --- [main] o.h.c.internal.RegionFactoryInitiator    : HHH000026: Second-level cache disabled
2023-12-18T14:54:12.437-06:00  INFO 44124 --- [main] o.s.o.j.p.SpringPersistenceUnitInfo      : No LoadTimeWeaver setup: ignoring JPA class transformer
2023-12-18T14:54:12.454-06:00  WARN 44124 --- [main] org.hibernate.orm.deprecation            : HHH90000025: SQLServerDialect does not need to be specified explicitly using 'hibernate.dialect' (remove the property setting and it will be selected by default)
2023-12-18T14:54:12.695-06:00  INFO 44124 --- [main] o.h.e.t.j.p.i.JtaPlatformInitiator       : HHH000489: No JTA platform available (set 'hibernate.transaction.jta.platform' to enable JTA platform integration)
2023-12-18T14:54:12.697-06:00  INFO 44124 --- [main] j.LocalContainerEntityManagerFactoryBean : Initialized JPA EntityManagerFactory for persistence unit 'default'
2023-12-18T14:54:12.797-06:00  WARN 44124 --- [main] JpaBaseConfiguration$JpaWebConfiguration : spring.jpa.open-in-view is enabled by default. Therefore, database queries may be performed during view rendering. Explicitly configure spring.jpa.open-in-view to disable this warning
2023-12-18T14:54:12.809-06:00  INFO 44124 --- [main] o.s.b.a.w.s.WelcomePageHandlerMapping    : Adding welcome page: class path resource [static/index.html]
2023-12-18T14:54:13.018-06:00  INFO 44124 --- [main] AbstractAzureServiceClientBuilderFactory : Will configure the default credential of type DefaultAzureCredential for class com.azure.identity.DefaultAzureCredentialBuilder.
2023-12-18T14:54:13.265-06:00  WARN 44124 --- [main] .s.s.UserDetailsServiceAutoConfiguration : 

Using generated security password: 8c0140d3-3957-414b-84bb-7b8ff3305f2d

This generated password is for development use only. Your security configuration must be updated before running your application in production.

2023-12-18T14:54:13.314-06:00  INFO 44124 --- [main] o.s.s.web.DefaultSecurityFilterChain     : Will secure any request with [org.springframework.security.web.session.DisableEncodeUrlFilter@e00c94e, org.springframework.security.web.context.request.async.WebAsyncManagerIntegrationFilter@b2db8bc, org.springframework.security.web.context.SecurityContextHolderFilter@34c050a1, org.springframework.security.web.header.HeaderWriterFilter@19ea65f4, org.springframework.web.filter.CorsFilter@1c0ec502, org.springframework.security.web.csrf.CsrfFilter@6c27be1d, org.springframework.security.web.authentication.logout.LogoutFilter@44f5259a, org.springframework.security.web.authentication.UsernamePasswordAuthenticationFilter@76e10574, org.springframework.security.web.authentication.ui.DefaultLoginPageGeneratingFilter@5562f297, org.springframework.security.web.authentication.ui.DefaultLogoutPageGeneratingFilter@6287e312, org.springframework.security.web.authentication.www.BasicAuthenticationFilter@59eb987a, org.springframework.security.web.savedrequest.RequestCacheAwareFilter@32c114d9, org.springframework.security.web.servletapi.SecurityContextHolderAwareRequestFilter@73f6ffb1, org.springframework.security.web.authentication.AnonymousAuthenticationFilter@6a450cb5, org.springframework.security.web.access.ExceptionTranslationFilter@21d478f3, org.springframework.security.web.access.intercept.AuthorizationFilter@216de23a]
2023-12-18T14:54:13.398-06:00  INFO 44124 --- [main] a.randocam.RandocamApplicationTests      : Started RandocamApplicationTests in 2.99 seconds (process running for 3.483)
2023-12-18T14:54:13.765-06:00  INFO 44124 --- [SpringApplicationShutdownHook] j.LocalContainerEntityManagerFactoryBean : Closing JPA EntityManagerFactory for persistence unit 'default'
2023-12-18T14:54:13.766-06:00  INFO 44124 --- [SpringApplicationShutdownHook] com.zaxxer.hikari.HikariDataSource       : HikariPool-1 - Shutdown initiated...
2023-12-18T14:54:13.847-06:00  INFO 44124 --- [SpringApplicationShutdownHook] com.zaxxer.hikari.HikariDataSource       : HikariPool-1 - Shutdown completed.
